-I: Adding /home/nishant/miniconda3/dat/leap/prep to search path.
-I: Adding /home/nishant/miniconda3/dat/leap/lib to search path.
-I: Adding /home/nishant/miniconda3/dat/leap/parm to search path.
-I: Adding /home/nishant/miniconda3/dat/leap/cmd to search path.
-f: Source leap_bcl.in.

Welcome to LEaP!
(no leaprc in search path)
Sourcing: ./leap_bcl.in
----- Source: /home/nishant/miniconda3/dat/leap/cmd/leaprc.gaff2
----- Source of /home/nishant/miniconda3/dat/leap/cmd/leaprc.gaff2 done
Log file: ./leap.log
Loading parameters: /home/nishant/miniconda3/dat/leap/parm/gaff2.dat
Reading title:
AMBER General Force Field for organic molecules (Version 2.2.20, March 2021)
Loading Mol2 file: ./bcl_full.mol2
Reading MOLECULE named CL
Loading parameters: ./bcl.frcmod
Reading force field modification type file (frcmod)
Reading title:
Remark line goes here
 Creating bcl.lib
Building topology.
Building atom parameters.
Checking Unit.
Building topology.
Building atom parameters.
Building bond parameters.
Building angle parameters.
Building proper torsion parameters.
Building improper torsion parameters.
 total 22 improper torsions applied
Building H-Bond parameters.
Incorporating Non-Bonded adjustments.
Not Marking per-residue atom chain types.
Marking per-residue atom chain types.
  (Residues lacking connect0/connect1 - 
   these don't have chain types marked:

	res	total affected

	CL	1
  )
 (no restraints)
	Quit

Exiting LEaP: Errors = 0; Warnings = 0; Notes = 0.
