-I: Adding /home/nishant/miniconda3/dat/leap/prep to search path.
-I: Adding /home/nishant/miniconda3/dat/leap/lib to search path.
-I: Adding /home/nishant/miniconda3/dat/leap/parm to search path.
-I: Adding /home/nishant/miniconda3/dat/leap/cmd to search path.
-f: Source leap_cx.in.

Welcome to LEaP!
(no leaprc in search path)
Sourcing: ./leap_cx.in
----- Source: /home/nishant/miniconda3/dat/leap/cmd/leaprc.protein.ff14SB
----- Source of /home/nishant/miniconda3/dat/leap/cmd/leaprc.protein.ff14SB done
Log file: ./leap.log
Loading parameters: /home/nishant/miniconda3/dat/leap/parm/parm10.dat
Reading title:
PARM99 + frcmod.ff99SB + frcmod.parmbsc0 + OL3 for RNA
Loading parameters: /home/nishant/miniconda3/dat/leap/parm/frcmod.ff14SB
Reading force field modification type file (frcmod)
Reading title:
ff14SB protein backbone and sidechain parameters
Loading library: /home/nishant/miniconda3/dat/leap/lib/amino12.lib
Loading library: /home/nishant/miniconda3/dat/leap/lib/aminoct12.lib
Loading library: /home/nishant/miniconda3/dat/leap/lib/aminont12.lib
----- Source: /home/nishant/miniconda3/dat/leap/cmd/leaprc.gaff2
----- Source of /home/nishant/miniconda3/dat/leap/cmd/leaprc.gaff2 done
Log file: ./leap.log
Loading parameters: /home/nishant/miniconda3/dat/leap/parm/gaff2.dat
Reading title:
AMBER General Force Field for organic molecules (Version 2.2.20, March 2021)
----- Source: /home/nishant/miniconda3/dat/leap/cmd/leaprc.water.tip3p
----- Source of /home/nishant/miniconda3/dat/leap/cmd/leaprc.water.tip3p done
Loading library: /home/nishant/miniconda3/dat/leap/lib/atomic_ions.lib
Loading library: /home/nishant/miniconda3/dat/leap/lib/solvents.lib
Loading parameters: /home/nishant/miniconda3/dat/leap/parm/frcmod.tip3p
Reading force field modification type file (frcmod)
Reading title:
This is the additional/replacement parameter set for TIP3P water
Loading parameters: /home/nishant/miniconda3/dat/leap/parm/frcmod.ions1lm_126_tip3p
Reading force field modification type file (frcmod)
Reading title:
Li/Merz ion parameters of monovalent ions for TIP3P water model (12-6 normal usage set)
Loading parameters: /home/nishant/miniconda3/dat/leap/parm/frcmod.ionsjc_tip3p
Reading force field modification type file (frcmod)
Reading title:
Monovalent ion parameters for Ewald and TIP3P water from Joung & Cheatham JPCB (2008)
Loading parameters: /home/nishant/miniconda3/dat/leap/parm/frcmod.ions234lm_126_tip3p
Reading force field modification type file (frcmod)
Reading title:
Li/Merz ion parameters of divalent to tetravalent ions for TIP3P water model (12-6 normal usage set)
Loading library: ./bcl.lib
Loading parameters: ./bcl.frcmod
Reading force field modification type file (frcmod)
Reading title:
Remark line goes here

/home/nishant/miniconda3/bin/teLeap: Fatal Error!
Could not open file complex.pdb: not found

Exiting LEaP: Errors = 1; Warnings = 0; Notes = 0.
